AWS::ACMPCA::Certificate
AWS::ACMPCA::CertificateAuthority
AWS::ACMPCA::CertificateAuthorityActivation
AWS::APS::RuleGroupsNamespace
AWS::APS::Workspace
AWS::AccessAnalyzer::Analyzer
AWS::Amplify::App
AWS::Amplify::Branch
AWS::Amplify::Domain
AWS::AmplifyUIBuilder::Component
AWS::AmplifyUIBuilder::Form
AWS::AmplifyUIBuilder::Theme
AWS::ApiGateway::Account
AWS::ApiGateway::ApiKey
AWS::ApiGateway::Authorizer
AWS::ApiGateway::BasePathMapping
AWS::ApiGateway::ClientCertificate
AWS::ApiGateway::Deployment
AWS::ApiGateway::DocumentationPart
AWS::ApiGateway::DocumentationVersion
AWS::ApiGateway::DomainName
AWS::ApiGateway::Method
AWS::ApiGateway::Model
AWS::ApiGateway::RequestValidator
AWS::ApiGateway::Resource
AWS::ApiGateway::RestApi
AWS::ApiGateway::Stage
AWS::ApiGateway::UsagePlan
AWS::ApiGateway::VpcLink
AWS::ApiGatewayV2::Api
AWS::ApiGatewayV2::Authorizer
AWS::ApiGatewayV2::Deployment
AWS::ApiGatewayV2::IntegrationResponse
AWS::ApiGatewayV2::Model
AWS::ApiGatewayV2::Route
AWS::ApiGatewayV2::RouteResponse
AWS::ApiGatewayV2::VpcLink
AWS::AppConfig::Extension
AWS::AppConfig::ExtensionAssociation
AWS::AppFlow::Connector
AWS::AppFlow::ConnectorProfile
AWS::AppFlow::Flow
AWS::AppIntegrations::DataIntegration
AWS::AppIntegrations::EventIntegration
AWS::AppRunner::Service
AWS::AppRunner::VpcIngressConnection
AWS::AppStream::Application
AWS::AppStream::DirectoryConfig
AWS::AppStream::Entitlement
AWS::AppSync::DomainName
AWS::AppSync::DomainNameApiAssociation
AWS::AppSync::SourceApiAssociation
AWS::ApplicationInsights::Application
AWS::Athena::CapacityReservation
AWS::Athena::DataCatalog
AWS::Athena::PreparedStatement
AWS::Athena::WorkGroup
AWS::AuditManager::Assessment
AWS::AutoScaling::LifecycleHook
AWS::AutoScaling::ScalingPolicy
AWS::AutoScaling::ScheduledAction
AWS::AutoScaling::WarmPool
AWS::Backup::BackupPlan
AWS::Backup::BackupVault
AWS::Backup::Framework
AWS::Backup::ReportPlan
AWS::BackupGateway::Hypervisor
AWS::Batch::ComputeEnvironment
AWS::Batch::JobQueue
AWS::Batch::SchedulingPolicy
AWS::BillingConductor::BillingGroup
AWS::BillingConductor::CustomLineItem
AWS::BillingConductor::PricingPlan
AWS::BillingConductor::PricingRule
AWS::Budgets::BudgetsAction
AWS::CE::AnomalyMonitor
AWS::CE::AnomalySubscription
AWS::CE::CostCategory
AWS::CUR::ReportDefinition
AWS::Cassandra::Keyspace
AWS::Cassandra::Table
AWS::CertificateManager::Account
AWS::Chatbot::MicrosoftTeamsChannelConfiguration
AWS::Chatbot::SlackChannelConfiguration
AWS::CloudFormation::HookDefaultVersion
AWS::CloudFormation::HookTypeConfig
AWS::CloudFormation::ResourceDefaultVersion
AWS::CloudFormation::StackSet
AWS::CloudFormation::TypeActivation
AWS::CloudFront::CachePolicy
AWS::CloudFront::CloudFrontOriginAccessIdentity
AWS::CloudFront::ContinuousDeploymentPolicy
AWS::CloudFront::Distribution
AWS::CloudFront::Function
AWS::CloudFront::KeyGroup
AWS::CloudFront::OriginAccessControl
AWS::CloudFront::OriginRequestPolicy
AWS::CloudFront::PublicKey
AWS::CloudFront::RealtimeLogConfig
AWS::CloudFront::ResponseHeadersPolicy
AWS::CloudTrail::Channel
AWS::CloudTrail::EventDataStore
AWS::CloudTrail::ResourcePolicy
AWS::CloudTrail::Trail
AWS::CloudWatch::CompositeAlarm
AWS::CloudWatch::MetricStream
AWS::CodeArtifact::Domain
AWS::CodeArtifact::Repository
AWS::CodeDeploy::Application
AWS::CodeGuruProfiler::ProfilingGroup
AWS::CodePipeline::CustomActionType
AWS::CodeStarConnections::Connection
AWS::CodeStarNotifications::NotificationRule
AWS::Cognito::IdentityPoolPrincipalTag
AWS::Comprehend::Flywheel
AWS::Config::AggregationAuthorization
AWS::Config::ConfigurationAggregator
AWS::Config::ConformancePack
AWS::Config::OrganizationConformancePack
AWS::Config::StoredQuery
AWS::Connect::ApprovedOrigin
AWS::Connect::ContactFlow
AWS::Connect::ContactFlowModule
AWS::Connect::EvaluationForm
AWS::Connect::HoursOfOperation
AWS::Connect::Instance
AWS::Connect::InstanceStorageConfig
AWS::Connect::IntegrationAssociation
AWS::Connect::PhoneNumber
AWS::Connect::Prompt
AWS::Connect::QuickConnect
AWS::Connect::Rule
AWS::Connect::SecurityKey
AWS::Connect::TaskTemplate
AWS::Connect::User
AWS::Connect::UserHierarchyGroup
AWS::ConnectCampaigns::Campaign
AWS::CustomerProfiles::Domain
AWS::CustomerProfiles::Integration
AWS::CustomerProfiles::ObjectType
AWS::DataBrew::Dataset
AWS::DataBrew::Job
AWS::DataBrew::Project
AWS::DataBrew::Recipe
AWS::DataBrew::Ruleset
AWS::DataBrew::Schedule
AWS::DataPipeline::Pipeline
AWS::DataSync::Agent
AWS::DataSync::LocationEFS
AWS::DataSync::LocationFSxLustre
AWS::DataSync::LocationFSxONTAP
AWS::DataSync::LocationFSxOpenZFS
AWS::DataSync::LocationFSxWindows
AWS::DataSync::LocationHDFS
AWS::DataSync::LocationNFS
AWS::DataSync::LocationObjectStorage
AWS::DataSync::LocationS3
AWS::DataSync::LocationSMB
AWS::DataSync::StorageSystem
AWS::DataSync::Task
AWS::Detective::Graph
AWS::Detective::MemberInvitation
AWS::Detective::OrganizationAdmin
AWS::DevOpsGuru::LogAnomalyDetectionIntegration
AWS::DevOpsGuru::ResourceCollection
AWS::DirectoryService::SimpleAD
AWS::DocDBElastic::Cluster
AWS::DynamoDB::GlobalTable
AWS::DynamoDB::Table
AWS::EC2::CapacityReservation
AWS::EC2::CapacityReservationFleet
AWS::EC2::CarrierGateway
AWS::EC2::CustomerGateway
AWS::EC2::DHCPOptions
AWS::EC2::EC2Fleet
AWS::EC2::EIP
AWS::EC2::FlowLog
AWS::EC2::GatewayRouteTableAssociation
AWS::EC2::Host
AWS::EC2::IPAM
AWS::EC2::IPAMPool
AWS::EC2::IPAMResourceDiscovery
AWS::EC2::IPAMResourceDiscoveryAssociation
AWS::EC2::IPAMScope
AWS::EC2::InternetGateway
AWS::EC2::LocalGatewayRoute
AWS::EC2::LocalGatewayRouteTable
AWS::EC2::LocalGatewayRouteTableVPCAssociation
AWS::EC2::LocalGatewayRouteTableVirtualInterfaceGroupAssociation
AWS::EC2::NatGateway
AWS::EC2::NetworkAcl
AWS::EC2::NetworkInsightsAccessScope
AWS::EC2::NetworkInsightsAccessScopeAnalysis
AWS::EC2::NetworkInsightsAnalysis
AWS::EC2::NetworkInsightsPath
AWS::EC2::NetworkInterface
AWS::EC2::PrefixList
AWS::EC2::RouteTable
AWS::EC2::SpotFleet
AWS::EC2::Subnet
AWS::EC2::TransitGateway
AWS::EC2::TransitGatewayAttachment
AWS::EC2::TransitGatewayConnect
AWS::EC2::TransitGatewayMulticastDomain
AWS::EC2::TransitGatewayPeeringAttachment
AWS::EC2::TransitGatewayVpcAttachment
AWS::EC2::VPC
AWS::EC2::VPCDHCPOptionsAssociation
AWS::EC2::VPCEndpoint
AWS::EC2::VPCEndpointService
AWS::EC2::VPCEndpointServicePermissions
AWS::EC2::VPCPeeringConnection
AWS::EC2::VPNConnection
AWS::EC2::VPNGateway
AWS::EC2::VerifiedAccessEndpoint
AWS::EC2::VerifiedAccessGroup
AWS::EC2::VerifiedAccessInstance
AWS::EC2::VerifiedAccessTrustProvider
AWS::EC2::Volume
AWS::ECR::PublicRepository
AWS::ECR::PullThroughCacheRule
AWS::ECR::RegistryPolicy
AWS::ECR::ReplicationConfiguration
AWS::ECR::Repository
AWS::ECS::CapacityProvider
AWS::ECS::Cluster
AWS::ECS::ClusterCapacityProviderAssociations
AWS::ECS::PrimaryTaskSet
AWS::ECS::Service
AWS::ECS::TaskDefinition
AWS::ECS::TaskSet
AWS::EFS::AccessPoint
AWS::EFS::FileSystem
AWS::EFS::MountTarget
AWS::EKS::Addon
AWS::EKS::Cluster
AWS::EKS::FargateProfile
AWS::EKS::IdentityProviderConfig
AWS::EKS::Nodegroup
AWS::EMR::Studio
AWS::EMR::StudioSessionMapping
AWS::EMRContainers::VirtualCluster
AWS::EMRServerless::Application
AWS::ElastiCache::GlobalReplicationGroup
AWS::ElastiCache::SubnetGroup
AWS::ElastiCache::User
AWS::ElastiCache::UserGroup
AWS::ElasticBeanstalk::Application
AWS::ElasticBeanstalk::ApplicationVersion
AWS::ElasticBeanstalk::ConfigurationTemplate
AWS::ElasticBeanstalk::Environment
AWS::ElasticLoadBalancingV2::Listener
AWS::ElasticLoadBalancingV2::ListenerRule
AWS::ElasticLoadBalancingV2::TargetGroup
AWS::EventSchemas::RegistryPolicy
AWS::Events::ApiDestination
AWS::Events::Archive
AWS::Events::Connection
AWS::Events::Endpoint
AWS::Evidently::Experiment
AWS::Evidently::Feature
AWS::Evidently::Launch
AWS::Evidently::Project
AWS::FIS::ExperimentTemplate
AWS::FMS::NotificationChannel
AWS::FMS::Policy
AWS::FMS::ResourceSet
AWS::FSx::DataRepositoryAssociation
AWS::FinSpace::Environment
AWS::Forecast::DatasetGroup
AWS::FraudDetector::Detector
AWS::FraudDetector::EntityType
AWS::FraudDetector::EventType
AWS::FraudDetector::Label
AWS::FraudDetector::List
AWS::FraudDetector::Outcome
AWS::FraudDetector::Variable
AWS::GameLift::Alias
AWS::GameLift::Build
AWS::GameLift::Fleet
AWS::GameLift::GameServerGroup
AWS::GameLift::Location
AWS::GlobalAccelerator::Accelerator
AWS::GlobalAccelerator::EndpointGroup
AWS::GlobalAccelerator::Listener
AWS::Glue::Registry
AWS::Glue::Schema
AWS::Grafana::Workspace
AWS::GreengrassV2::ComponentVersion
AWS::GreengrassV2::Deployment
AWS::GroundStation::Config
AWS::GroundStation::MissionProfile
AWS::HealthLake::FHIRDatastore
AWS::IAM::InstanceProfile
AWS::IAM::OIDCProvider
AWS::IAM::Role
AWS::IAM::SAMLProvider
AWS::IAM::ServerCertificate
AWS::IAM::VirtualMFADevice
AWS::IVS::Channel
AWS::IVS::PlaybackKeyPair
AWS::IVS::RecordingConfiguration
AWS::IVS::StreamKey
AWS::IVSChat::LoggingConfiguration
AWS::IVSChat::Room
AWS::IdentityStore::Group
AWS::ImageBuilder::DistributionConfiguration
AWS::ImageBuilder::ImagePipeline
AWS::ImageBuilder::InfrastructureConfiguration
AWS::Inspector::AssessmentTarget
AWS::InspectorV2::Filter
AWS::InternetMonitor::Monitor
AWS::IoT::AccountAuditConfiguration
AWS::IoT::Authorizer
AWS::IoT::BillingGroup
AWS::IoT::CACertificate
AWS::IoT::Certificate
AWS::IoT::CustomMetric
AWS::IoT::Dimension
AWS::IoT::DomainConfiguration
AWS::IoT::FleetMetric
AWS::IoT::Logging
AWS::IoT::MitigationAction
AWS::IoT::Policy
AWS::IoT::ProvisioningTemplate
AWS::IoT::ResourceSpecificLogging
AWS::IoT::RoleAlias
AWS::IoT::ScheduledAudit
AWS::IoT::SecurityProfile
AWS::IoT::Thing
AWS::IoT::ThingGroup
AWS::IoT::ThingType
AWS::IoT::TopicRule
AWS::IoT::TopicRuleDestination
AWS::IoTAnalytics::Channel
AWS::IoTAnalytics::Dataset
AWS::IoTAnalytics::Datastore
AWS::IoTAnalytics::Pipeline
AWS::IoTCoreDeviceAdvisor::SuiteDefinition
AWS::IoTEvents::AlarmModel
AWS::IoTEvents::DetectorModel
AWS::IoTEvents::Input
AWS::IoTFleetHub::Application
AWS::IoTFleetWise::Campaign
AWS::IoTFleetWise::DecoderManifest
AWS::IoTFleetWise::Fleet
AWS::IoTFleetWise::ModelManifest
AWS::IoTFleetWise::SignalCatalog
AWS::IoTFleetWise::Vehicle
AWS::IoTSiteWise::AccessPolicy
AWS::IoTSiteWise::Asset
AWS::IoTSiteWise::AssetModel
AWS::IoTSiteWise::Dashboard
AWS::IoTSiteWise::Gateway
AWS::IoTSiteWise::Portal
AWS::IoTSiteWise::Project
AWS::IoTTwinMaker::ComponentType
AWS::IoTTwinMaker::Entity
AWS::IoTTwinMaker::Scene
AWS::IoTTwinMaker::Workspace
AWS::IoTWireless::Destination
AWS::IoTWireless::FuotaTask
AWS::IoTWireless::MulticastGroup
AWS::IoTWireless::NetworkAnalyzerConfiguration
AWS::IoTWireless::PartnerAccount
AWS::IoTWireless::WirelessDevice
AWS::IoTWireless::WirelessDeviceImportTask
AWS::IoTWireless::WirelessGateway
AWS::KMS::Alias
AWS::KMS::Key
AWS::KMS::ReplicaKey
AWS::KafkaConnect::Connector
AWS::Kendra::DataSource
AWS::Kendra::Faq
AWS::Kendra::Index
AWS::KendraRanking::ExecutionPlan
AWS::Kinesis::Stream
AWS::KinesisAnalyticsV2::Application
AWS::KinesisFirehose::DeliveryStream
AWS::KinesisVideo::SignalingChannel
AWS::KinesisVideo::Stream
AWS::LakeFormation::Tag
AWS::Lambda::CodeSigningConfig
AWS::Lambda::EventSourceMapping
AWS::Lambda::Function
AWS::Lambda::Url
AWS::Lex::Bot
AWS::Lex::BotAlias
AWS::Lex::ResourcePolicy
AWS::LicenseManager::Grant
AWS::LicenseManager::License
AWS::Lightsail::Alarm
AWS::Lightsail::Bucket
AWS::Lightsail::Certificate
AWS::Lightsail::Container
AWS::Lightsail::Database
AWS::Lightsail::Disk
AWS::Lightsail::Distribution
AWS::Lightsail::Instance
AWS::Lightsail::LoadBalancer
AWS::Lightsail::LoadBalancerTlsCertificate
AWS::Lightsail::StaticIp
AWS::Logs::Destination
AWS::Logs::LogGroup
AWS::Logs::MetricFilter
AWS::Logs::QueryDefinition
AWS::Logs::ResourcePolicy
AWS::Logs::SubscriptionFilter
AWS::LookoutEquipment::InferenceScheduler
AWS::LookoutMetrics::AnomalyDetector
AWS::LookoutVision::Project
AWS::M2::Application
AWS::M2::Environment
AWS::MSK::BatchScramSecret
AWS::MSK::Cluster
AWS::MSK::ClusterPolicy
AWS::MSK::Configuration
AWS::MWAA::Environment
AWS::Macie::AllowList
AWS::Macie::CustomDataIdentifier
AWS::Macie::FindingsFilter
AWS::Macie::Session
AWS::ManagedBlockchain::Accessor
AWS::MediaConnect::Flow
AWS::MediaConnect::FlowEntitlement
AWS::MediaConnect::FlowOutput
AWS::MediaConnect::FlowSource
AWS::MediaConnect::FlowVpcInterface
AWS::MediaPackage::Channel
AWS::MediaPackage::OriginEndpoint
AWS::MediaPackage::PackagingGroup
AWS::MediaTailor::PlaybackConfiguration
AWS::MemoryDB::ACL
AWS::MemoryDB::Cluster
AWS::MemoryDB::ParameterGroup
AWS::MemoryDB::SubnetGroup
AWS::MemoryDB::User
AWS::Neptune::DBCluster
AWS::NetworkFirewall::Firewall
AWS::NetworkFirewall::FirewallPolicy
AWS::NetworkFirewall::LoggingConfiguration
AWS::NetworkFirewall::RuleGroup
AWS::NetworkManager::ConnectAttachment
AWS::NetworkManager::ConnectPeer
AWS::NetworkManager::CoreNetwork
AWS::NetworkManager::Device
AWS::NetworkManager::GlobalNetwork
AWS::NetworkManager::Link
AWS::NetworkManager::Site
AWS::NetworkManager::SiteToSiteVpnAttachment
AWS::NetworkManager::TransitGatewayPeering
AWS::NetworkManager::TransitGatewayRouteTableAttachment
AWS::NetworkManager::VpcAttachment
AWS::NimbleStudio::LaunchProfile
AWS::NimbleStudio::StreamingImage
AWS::NimbleStudio::Studio
AWS::NimbleStudio::StudioComponent
AWS::OSIS::Pipeline
AWS::Oam::Link
AWS::Oam::Sink
AWS::Omics::AnnotationStore
AWS::Omics::RunGroup
AWS::Omics::VariantStore
AWS::Omics::Workflow
AWS::OpenSearchServerless::AccessPolicy
AWS::OpenSearchServerless::Collection
AWS::OpenSearchServerless::SecurityConfig
AWS::OpenSearchServerless::SecurityPolicy
AWS::OpenSearchServerless::VpcEndpoint
AWS::OpenSearchService::Domain
AWS::OpsWorksCM::Server
AWS::Organizations::Account
AWS::Organizations::OrganizationalUnit
AWS::Organizations::Policy
AWS::Organizations::ResourcePolicy
AWS::Panorama::ApplicationInstance
AWS::Panorama::Package
AWS::Panorama::PackageVersion
AWS::Personalize::Dataset
AWS::Pinpoint::InAppTemplate
AWS::Pipes::Pipe
AWS::Proton::EnvironmentAccountConnection
AWS::Proton::EnvironmentTemplate
AWS::Proton::ServiceTemplate
AWS::QLDB::Stream
AWS::QuickSight::Analysis
AWS::QuickSight::Dashboard
AWS::QuickSight::DataSet
AWS::QuickSight::DataSource
AWS::QuickSight::RefreshSchedule
AWS::QuickSight::Template
AWS::QuickSight::Theme
AWS::QuickSight::Topic
AWS::QuickSight::VPCConnection
AWS::RAM::Permission
AWS::RDS::DBCluster
AWS::RDS::DBClusterParameterGroup
AWS::RDS::DBInstance
AWS::RDS::DBParameterGroup
AWS::RDS::DBProxy
AWS::RDS::DBProxyEndpoint
AWS::RDS::DBProxyTargetGroup
AWS::RDS::DBSubnetGroup
AWS::RDS::EventSubscription
AWS::RDS::GlobalCluster
AWS::RDS::OptionGroup
AWS::RUM::AppMonitor
AWS::Redshift::Cluster
AWS::Redshift::ClusterParameterGroup
AWS::Redshift::ClusterSubnetGroup
AWS::Redshift::EndpointAccess
AWS::Redshift::EndpointAuthorization
AWS::Redshift::EventSubscription
AWS::Redshift::ScheduledAction
AWS::RedshiftServerless::Namespace
AWS::RedshiftServerless::Workgroup
AWS::RefactorSpaces::Route
AWS::Rekognition::Collection
AWS::Rekognition::Project
AWS::Rekognition::StreamProcessor
AWS::ResilienceHub::App
AWS::ResilienceHub::ResiliencyPolicy
AWS::ResourceExplorer2::DefaultViewAssociation
AWS::ResourceExplorer2::Index
AWS::ResourceExplorer2::View
AWS::ResourceGroups::Group
AWS::RoboMaker::Fleet
AWS::RoboMaker::Robot
AWS::RoboMaker::RobotApplication
AWS::RoboMaker::SimulationApplication
AWS::RolesAnywhere::CRL
AWS::RolesAnywhere::Profile
AWS::RolesAnywhere::TrustAnchor
AWS::Route53::CidrCollection
AWS::Route53::HealthCheck
AWS::Route53::HostedZone
AWS::Route53::KeySigningKey
AWS::Route53RecoveryControl::ControlPanel
AWS::Route53RecoveryControl::RoutingControl
AWS::Route53RecoveryControl::SafetyRule
AWS::Route53RecoveryReadiness::Cell
AWS::Route53RecoveryReadiness::ReadinessCheck
AWS::Route53RecoveryReadiness::RecoveryGroup
AWS::Route53RecoveryReadiness::ResourceSet
AWS::Route53Resolver::FirewallDomainList
AWS::Route53Resolver::FirewallRuleGroup
AWS::Route53Resolver::FirewallRuleGroupAssociation
AWS::Route53Resolver::ResolverRule
AWS::S3::AccessPoint
AWS::S3::Bucket
AWS::S3::MultiRegionAccessPointPolicy
AWS::S3::StorageLens
AWS::S3ObjectLambda::AccessPoint
AWS::S3ObjectLambda::AccessPointPolicy
AWS::S3Outposts::AccessPoint
AWS::S3Outposts::Bucket
AWS::S3Outposts::BucketPolicy
AWS::SES::ConfigurationSet
AWS::SES::ConfigurationSetEventDestination
AWS::SES::ContactList
AWS::SES::DedicatedIpPool
AWS::SES::EmailIdentity
AWS::SES::Template
AWS::SES::VdmAttributes
AWS::SNS::Topic
AWS::SQS::Queue
AWS::SSM::Association
AWS::SSM::Document
AWS::SSM::ResourceDataSync
AWS::SSM::ResourcePolicy
AWS::SSMContacts::Contact
AWS::SSMContacts::ContactChannel
AWS::SSMContacts::Plan
AWS::SSMContacts::Rotation
AWS::SSMIncidents::ReplicationSet
AWS::SSMIncidents::ResponsePlan
AWS::SSO::InstanceAccessControlAttributeConfiguration
AWS::SSO::PermissionSet
AWS::SageMaker::AppImageConfig
AWS::SageMaker::Device
AWS::SageMaker::DeviceFleet
AWS::SageMaker::Domain
AWS::SageMaker::FeatureGroup
AWS::SageMaker::Image
AWS::SageMaker::InferenceExperiment
AWS::SageMaker::ModelCard
AWS::SageMaker::ModelPackage
AWS::SageMaker::ModelPackageGroup
AWS::SageMaker::MonitoringSchedule
AWS::SageMaker::Pipeline
AWS::SageMaker::Project
AWS::SageMaker::Space
AWS::SageMaker::UserProfile
AWS::Scheduler::Schedule
AWS::Scheduler::ScheduleGroup
AWS::SecretsManager::Secret
AWS::ServiceCatalog::CloudFormationProvisionedProduct
AWS::ServiceCatalog::ServiceAction
AWS::ServiceCatalogAppRegistry::Application
AWS::ServiceCatalogAppRegistry::AttributeGroup
AWS::Shield::DRTAccess
AWS::Shield::ProactiveEngagement
AWS::Shield::Protection
AWS::Shield::ProtectionGroup
AWS::Signer::SigningProfile
AWS::SimSpaceWeaver::Simulation
AWS::StepFunctions::Activity
AWS::StepFunctions::StateMachine
AWS::SupportApp::AccountAlias
AWS::SupportApp::SlackChannelConfiguration
AWS::SupportApp::SlackWorkspaceConfiguration
AWS::Synthetics::Canary
AWS::Synthetics::Group
AWS::SystemsManagerSAP::Application
AWS::Timestream::Database
AWS::Timestream::ScheduledQuery
AWS::Timestream::Table
AWS::Transfer::Agreement
AWS::Transfer::Certificate
AWS::Transfer::Connector
AWS::Transfer::Profile
AWS::Transfer::Workflow
AWS::VoiceID::Domain
AWS::VpcLattice::AccessLogSubscription
AWS::VpcLattice::AuthPolicy
AWS::VpcLattice::Listener
AWS::VpcLattice::ResourcePolicy
AWS::VpcLattice::Rule
AWS::VpcLattice::Service
AWS::VpcLattice::ServiceNetwork
AWS::VpcLattice::ServiceNetworkServiceAssociation
AWS::VpcLattice::ServiceNetworkVpcAssociation
AWS::VpcLattice::TargetGroup
AWS::WAFv2::IPSet
AWS::WAFv2::LoggingConfiguration
AWS::WAFv2::RegexPatternSet
AWS::WAFv2::RuleGroup
AWS::WAFv2::WebACL
AWS::WAFv2::WebACLAssociation
AWS::Wisdom::KnowledgeBase
AWS::XRay::Group
AWS::XRay::ResourcePolicy
AWS::XRay::SamplingRule
AWS::ACMPCA::Permission
AWS::ApiGateway::UsagePlanKey
AWS::AppRunner::ObservabilityConfiguration
AWS::AppRunner::VpcConnector
AWS::AppStream::AppBlock
AWS::AppStream::ApplicationEntitlementAssociation
AWS::AppStream::ApplicationFleetAssociation
AWS::AppStream::ImageBuilder
AWS::Athena::NamedQuery
AWS::AutoScaling::LaunchConfiguration
AWS::Backup::BackupSelection
AWS::CloudFormation::HookVersion
AWS::CloudFormation::ModuleDefaultVersion
AWS::CloudFormation::ModuleVersion
AWS::CloudFormation::PublicTypeVersion
AWS::CloudFormation::Publisher
AWS::CloudFormation::ResourceVersion
AWS::CloudFront::MonitoringSubscription
AWS::CodeDeploy::DeploymentConfig
AWS::CodeGuruReviewer::RepositoryAssociation
AWS::ControlTower::EnabledControl
AWS::DevOpsGuru::NotificationChannel
AWS::EC2::EgressOnlyInternetGateway
AWS::EC2::EnclaveCertificateIamRoleAssociation
AWS::EC2::IPAMAllocation
AWS::EC2::IPAMPoolCidr
AWS::EC2::KeyPair
AWS::EC2::NetworkPerformanceMetricSubscription
AWS::EC2::PlacementGroup
AWS::EC2::SubnetCidrBlock
AWS::EC2::SubnetNetworkAclAssociation
AWS::EC2::SubnetRouteTableAssociation
AWS::EC2::TransitGatewayMulticastDomainAssociation
AWS::EC2::TransitGatewayMulticastGroupMember
AWS::EC2::TransitGatewayMulticastGroupSource
AWS::EC2::VPNConnectionRoute
AWS::EMR::SecurityConfiguration
AWS::Evidently::Segment
AWS::Forecast::Dataset
AWS::Glue::SchemaVersion
AWS::Glue::SchemaVersionMetadata
AWS::GroundStation::DataflowEndpointGroup
AWS::IdentityStore::GroupMembership
AWS::ImageBuilder::Component
AWS::ImageBuilder::ContainerRecipe
AWS::ImageBuilder::Image
AWS::ImageBuilder::ImageRecipe
AWS::Inspector::AssessmentTemplate
AWS::Inspector::ResourceGroup
AWS::IoT::JobTemplate
AWS::IoTTwinMaker::SyncJob
AWS::IoTWireless::DeviceProfile
AWS::IoTWireless::ServiceProfile
AWS::IoTWireless::TaskDefinition
AWS::LakeFormation::DataCellsFilter
AWS::LakeFormation::PrincipalPermissions
AWS::LakeFormation::TagAssociation
AWS::Lex::BotVersion
AWS::Location::GeofenceCollection
AWS::Location::Map
AWS::Location::PlaceIndex
AWS::Location::RouteCalculator
AWS::Location::Tracker
AWS::Location::TrackerConsumer
AWS::Logs::LogStream
AWS::Logs::LogStream
AWS::LookoutMetrics::Alert
AWS::MSK::ServerlessCluster
AWS::MSK::VpcConnection
AWS::MediaPackage::Asset
AWS::MediaPackage::PackagingConfiguration
AWS::NetworkManager::CustomerGatewayAssociation
AWS::NetworkManager::LinkAssociation
AWS::NetworkManager::TransitGatewayRegistration
AWS::Omics::ReferenceStore
AWS::Omics::SequenceStore
AWS::Personalize::DatasetGroup
AWS::Personalize::Schema
AWS::Personalize::Solution
AWS::RefactorSpaces::Application
AWS::RefactorSpaces::Environment
AWS::RefactorSpaces::Service
AWS::RoboMaker::RobotApplicationVersion
AWS::RoboMaker::SimulationApplicationVersion
AWS::Route53::DNSSEC
AWS::Route53RecoveryControl::Cluster
AWS::Route53Resolver::ResolverConfig
AWS::Route53Resolver::ResolverDNSSECConfig
AWS::Route53Resolver::ResolverQueryLoggingConfig
AWS::Route53Resolver::ResolverQueryLoggingConfigAssociation
AWS::Route53Resolver::ResolverRuleAssociation
AWS::S3::MultiRegionAccessPoint
AWS::S3Outposts::Endpoint
AWS::SSO::Assignment
AWS::SageMaker::App
AWS::SageMaker::DataQualityJobDefinition
AWS::SageMaker::ImageVersion
AWS::SageMaker::ModelBiasJobDefinition
AWS::SageMaker::ModelExplainabilityJobDefinition
AWS::SageMaker::ModelQualityJobDefinition
AWS::ServiceCatalog::ServiceActionAssociation
AWS::ServiceCatalogAppRegistry::AttributeGroupAssociation
AWS::ServiceCatalogAppRegistry::ResourceAssociation
AWS::Signer::ProfilePermission
AWS::Wisdom::Assistant
AWS::Wisdom::AssistantAssociation
AWS::WorkSpaces::ConnectionAlias
